<?xml version="1.0" encoding="UTF-8"?>
<!-- Generated by org.testng.reporters.JUnitXMLReporter -->
<testsuite hostname="MAC09F.local" ignored="0" name="Test1" tests="4" failures="0" timestamp="22 Jan 2019 18:19:32 GMT" time="120.15" errors="0">
  <testcase name="manageAlertViews" time="8.958" classname="MobileProgrammingLLC.Tests.UiCatalog_ManagingAlertViews"/>
  <testcase name="openInAppBrowser" time="40.643" classname="MobileProgrammingLLC.Tests.UiCatalog_ApplyingWebView"/>
  <testcase name="navigateToSignInPage" time="6.044" classname="MobileProgrammingLLC.Tests.UiCatalog_ApplyingWebView"/>
  <testcase name="verifySignInErrorMsg" time="8.45" classname="MobileProgrammingLLC.Tests.UiCatalog_ApplyingWebView"/>
</testsuite> <!-- Test1 -->
