<?xml version="1.0" encoding="UTF-8"?>
<testng-results skipped="0" failed="0" ignored="0" total="4" passed="4">
  <reporter-output>
  </reporter-output>
  <suite name="Suite" duration-ms="120150" started-at="2019-01-22T18:17:31Z" finished-at="2019-01-22T18:19:31Z">
    <groups>
    </groups>
    <test name="Test1" duration-ms="120150" started-at="2019-01-22T18:17:31Z" finished-at="2019-01-22T18:19:31Z">
      <class name="MobileProgrammingLLC.Tests.UiCatalog_ApplyingWebView">
        <test-method status="PASS" signature="initConfigs()[pri:0, instance:MobileProgrammingLLC.Tests.UiCatalog_ApplyingWebView@192d43ce]" name="initConfigs" is-config="true" duration-ms="14137" started-at="2019-01-22T23:48:22Z" finished-at="2019-01-22T23:48:36Z">
          <reporter-output>
          </reporter-output>
        </test-method> <!-- initConfigs -->
        <test-method status="PASS" signature="openInAppBrowser()[pri:0, instance:MobileProgrammingLLC.Tests.UiCatalog_ApplyingWebView@192d43ce]" name="openInAppBrowser" duration-ms="40643" started-at="2019-01-22T23:48:36Z" finished-at="2019-01-22T23:49:17Z">
          <reporter-output>
          </reporter-output>
        </test-method> <!-- openInAppBrowser -->
        <test-method status="PASS" signature="navigateToSignInPage()[pri:0, instance:MobileProgrammingLLC.Tests.UiCatalog_ApplyingWebView@192d43ce]" name="navigateToSignInPage" duration-ms="6044" started-at="2019-01-22T23:49:17Z" depends-on-methods="MobileProgrammingLLC.Tests.UiCatalog_ApplyingWebView.openInAppBrowser" finished-at="2019-01-22T23:49:23Z">
          <reporter-output>
          </reporter-output>
        </test-method> <!-- navigateToSignInPage -->
        <test-method status="PASS" signature="verifySignInErrorMsg()[pri:0, instance:MobileProgrammingLLC.Tests.UiCatalog_ApplyingWebView@192d43ce]" name="verifySignInErrorMsg" duration-ms="8450" started-at="2019-01-22T23:49:23Z" depends-on-methods="MobileProgrammingLLC.Tests.UiCatalog_ApplyingWebView.navigateToSignInPage" finished-at="2019-01-22T23:49:31Z">
          <reporter-output>
          </reporter-output>
        </test-method> <!-- verifySignInErrorMsg -->
        <test-method status="PASS" signature="tearDown()[pri:0, instance:MobileProgrammingLLC.Tests.UiCatalog_ApplyingWebView@192d43ce]" name="tearDown" is-config="true" duration-ms="307" started-at="2019-01-22T23:49:31Z" finished-at="2019-01-22T23:49:31Z">
          <reporter-output>
          </reporter-output>
        </test-method> <!-- tearDown -->
      </class> <!-- MobileProgrammingLLC.Tests.UiCatalog_ApplyingWebView -->
      <class name="MobileProgrammingLLC.Tests.UiCatalog_ManagingAlertViews">
        <test-method status="PASS" signature="initConfigs()[pri:0, instance:MobileProgrammingLLC.Tests.UiCatalog_ManagingAlertViews@5f058f00]" name="initConfigs" is-config="true" duration-ms="41166" started-at="2019-01-22T23:47:31Z" finished-at="2019-01-22T23:48:13Z">
          <reporter-output>
          </reporter-output>
        </test-method> <!-- initConfigs -->
        <test-method status="PASS" signature="manageAlertViews()[pri:0, instance:MobileProgrammingLLC.Tests.UiCatalog_ManagingAlertViews@5f058f00]" name="manageAlertViews" duration-ms="8958" started-at="2019-01-22T23:48:13Z" finished-at="2019-01-22T23:48:21Z">
          <reporter-output>
          </reporter-output>
        </test-method> <!-- manageAlertViews -->
        <test-method status="PASS" signature="tearDown()[pri:0, instance:MobileProgrammingLLC.Tests.UiCatalog_ManagingAlertViews@5f058f00]" name="tearDown" is-config="true" duration-ms="400" started-at="2019-01-22T23:48:21Z" finished-at="2019-01-22T23:48:22Z">
          <reporter-output>
          </reporter-output>
        </test-method> <!-- tearDown -->
      </class> <!-- MobileProgrammingLLC.Tests.UiCatalog_ManagingAlertViews -->
    </test> <!-- Test1 -->
  </suite> <!-- Suite -->
</testng-results>
